  Eagle_Eye.cpp
C:\Users\pcibam\Downloads\allwpilib-master\allwpilib-master\wpiutil\src\main\native\include\wpi/Hashing.h(193): warning C4267: 'initializing': conversion from 'size_t' to 'uint32_t', possible loss of data
C:\Users\pcibam\Downloads\allwpilib-master\allwpilib-master\wpiutil\src\main\native\include\wpi/MathExtras.h(369): warning C4146: unary minus operator applied to unsigned type, result still unsigned
C:\Users\pcibam\Downloads\allwpilib-master\allwpilib-master\wpiutil\src\main\native\include\wpi/MathExtras.h(514): warning C4267: 'return': conversion from 'size_t' to 'unsigned int', possible loss of data
C:\Users\pcibam\Downloads\allwpilib-master\allwpilib-master\wpiutil\src\main\native\include\wpi/MathExtras.h(520): warning C4267: 'return': conversion from 'size_t' to 'unsigned int', possible loss of data
C:\Users\pcibam\Downloads\allwpilib-master\allwpilib-master\wpiutil\src\main\native\include\wpi/MathExtras.h(527): warning C4267: 'return': conversion from 'size_t' to 'unsigned int', possible loss of data
C:\Users\pcibam\Downloads\allwpilib-master\allwpilib-master\wpiutil\src\main\native\include\wpi/MathExtras.h(533): warning C4267: 'return': conversion from 'size_t' to 'unsigned int', possible loss of data
C:\Users\pcibam\Downloads\allwpilib-master\allwpilib-master\ntcore\src\main\native\include\networktables/NetworkTable.h(51): warning C4996: 'ITable': Use NetworkTable directly
  C:\Users\pcibam\Downloads\allwpilib-master\allwpilib-master\ntcore\src\main\native\include\tables/ITable.h(30): note: see declaration of 'ITable'
C:\Users\pcibam\Downloads\allwpilib-master\allwpilib-master\ntcore\src\main\native\include\networktables/NetworkTable.h(377): warning C4996: 'ITable::AddSubTableListener': Use NetworkTable directly
  C:\Users\pcibam\Downloads\allwpilib-master\allwpilib-master\ntcore\src\main\native\include\tables/ITable.h(440): note: see declaration of 'ITable::AddSubTableListener'
C:\Users\pcibam\Downloads\allwpilib-master\allwpilib-master\ntcore\src\main\native\include\networktables/NetworkTable.h(374): warning C4996: 'ITable::AddSubTableListener': Use NetworkTable directly
  C:\Users\pcibam\Downloads\allwpilib-master\allwpilib-master\ntcore\src\main\native\include\tables/ITable.h(432): note: see declaration of 'ITable::AddSubTableListener'
C:\Users\pcibam\Downloads\allwpilib-master\allwpilib-master\ntcore\src\main\native\include\networktables/NetworkTable.h(380): warning C4996: 'ITable::RemoveTableListener': Use NetworkTable directly
  C:\Users\pcibam\Downloads\allwpilib-master\allwpilib-master\ntcore\src\main\native\include\tables/ITable.h(448): note: see declaration of 'ITable::RemoveTableListener'
C:\Users\pcibam\Downloads\allwpilib-master\allwpilib-master\ntcore\src\main\native\include\networktables/NetworkTable.h(366): warning C4996: 'ITable::AddTableListener': Use NetworkTable directly
  C:\Users\pcibam\Downloads\allwpilib-master\allwpilib-master\ntcore\src\main\native\include\tables/ITable.h(413): note: see declaration of 'ITable::AddTableListener'
C:\Users\pcibam\Downloads\allwpilib-master\allwpilib-master\ntcore\src\main\native\include\networktables/NetworkTable.h(358): warning C4996: 'ITable::AddTableListener': Use NetworkTable directly
  C:\Users\pcibam\Downloads\allwpilib-master\allwpilib-master\ntcore\src\main\native\include\tables/ITable.h(391): note: see declaration of 'ITable::AddTableListener'
C:\Users\pcibam\Downloads\allwpilib-master\allwpilib-master\ntcore\src\main\native\include\networktables/NetworkTable.h(353): warning C4996: 'ITable::AddTableListener': Use NetworkTable directly
  C:\Users\pcibam\Downloads\allwpilib-master\allwpilib-master\ntcore\src\main\native\include\tables/ITable.h(382): note: see declaration of 'ITable::AddTableListener'
C:\Users\pcibam\Downloads\allwpilib-master\allwpilib-master\ntcore\src\main\native\include\networktables/NetworkTable.h(370): warning C4996: 'ITable::AddTableListenerEx': Use NetworkTable directly
  C:\Users\pcibam\Downloads\allwpilib-master\allwpilib-master\ntcore\src\main\native\include\tables/ITable.h(425): note: see declaration of 'ITable::AddTableListenerEx'
C:\Users\pcibam\Downloads\allwpilib-master\allwpilib-master\ntcore\src\main\native\include\networktables/NetworkTable.h(362): warning C4996: 'ITable::AddTableListenerEx': Use NetworkTable directly
  C:\Users\pcibam\Downloads\allwpilib-master\allwpilib-master\ntcore\src\main\native\include\tables/ITable.h(402): note: see declaration of 'ITable::AddTableListenerEx'
C:\Users\pcibam\Downloads\allwpilib-master\allwpilib-master\ntcore\src\main\native\include\networktables/NetworkTable.h(389): warning C4996: 'ITable::GetSubTable': Use NetworkTable directly
  C:\Users\pcibam\Downloads\allwpilib-master\allwpilib-master\ntcore\src\main\native\include\tables/ITable.h(56): note: see declaration of 'ITable::GetSubTable'
C:\Users\pcibam\Downloads\allwpilib-master\allwpilib-master\ntcore\src\main\native\include\networktables/NetworkTable.h(397): warning C4996: 'ITable::ContainsKey': Use NetworkTable directly
  C:\Users\pcibam\Downloads\allwpilib-master\allwpilib-master\ntcore\src\main\native\include\tables/ITable.h(38): note: see declaration of 'ITable::ContainsKey'
C:\Users\pcibam\Downloads\allwpilib-master\allwpilib-master\ntcore\src\main\native\include\networktables/NetworkTable.h(407): warning C4996: 'ITable::ContainsSubTable': Use NetworkTable directly
  C:\Users\pcibam\Downloads\allwpilib-master\allwpilib-master\ntcore\src\main\native\include\tables/ITable.h(48): note: see declaration of 'ITable::ContainsSubTable'
C:\Users\pcibam\Downloads\allwpilib-master\allwpilib-master\ntcore\src\main\native\include\networktables/NetworkTable.h(415): warning C4996: 'ITable::GetKeys': Use NetworkTable directly
  C:\Users\pcibam\Downloads\allwpilib-master\allwpilib-master\ntcore\src\main\native\include\tables/ITable.h(63): note: see declaration of 'ITable::GetKeys'
C:\Users\pcibam\Downloads\allwpilib-master\allwpilib-master\ntcore\src\main\native\include\networktables/NetworkTable.h(422): warning C4996: 'ITable::GetSubTables': Use NetworkTable directly
  C:\Users\pcibam\Downloads\allwpilib-master\allwpilib-master\ntcore\src\main\native\include\tables/ITable.h(68): note: see declaration of 'ITable::GetSubTables'
C:\Users\pcibam\Downloads\allwpilib-master\allwpilib-master\ntcore\src\main\native\include\networktables/NetworkTable.h(429): warning C4996: 'ITable::SetPersistent': Use NetworkTable directly
  C:\Users\pcibam\Downloads\allwpilib-master\allwpilib-master\ntcore\src\main\native\include\tables/ITable.h(75): note: see declaration of 'ITable::SetPersistent'
C:\Users\pcibam\Downloads\allwpilib-master\allwpilib-master\ntcore\src\main\native\include\networktables/NetworkTable.h(437): warning C4996: 'ITable::ClearPersistent': Use NetworkTable directly
  C:\Users\pcibam\Downloads\allwpilib-master\allwpilib-master\ntcore\src\main\native\include\tables/ITable.h(83): note: see declaration of 'ITable::ClearPersistent'
C:\Users\pcibam\Downloads\allwpilib-master\allwpilib-master\ntcore\src\main\native\include\networktables/NetworkTable.h(445): warning C4996: 'ITable::IsPersistent': Use NetworkTable directly
  C:\Users\pcibam\Downloads\allwpilib-master\allwpilib-master\ntcore\src\main\native\include\tables/ITable.h(91): note: see declaration of 'ITable::IsPersistent'
C:\Users\pcibam\Downloads\allwpilib-master\allwpilib-master\ntcore\src\main\native\include\networktables/NetworkTable.h(454): warning C4996: 'ITable::SetFlags': Use NetworkTable directly
  C:\Users\pcibam\Downloads\allwpilib-master\allwpilib-master\ntcore\src\main\native\include\tables/ITable.h(100): note: see declaration of 'ITable::SetFlags'
C:\Users\pcibam\Downloads\allwpilib-master\allwpilib-master\ntcore\src\main\native\include\networktables/NetworkTable.h(463): warning C4996: 'ITable::ClearFlags': Use NetworkTable directly
  C:\Users\pcibam\Downloads\allwpilib-master\allwpilib-master\ntcore\src\main\native\include\tables/ITable.h(109): note: see declaration of 'ITable::ClearFlags'
C:\Users\pcibam\Downloads\allwpilib-master\allwpilib-master\ntcore\src\main\native\include\networktables/NetworkTable.h(471): warning C4996: 'ITable::GetFlags': Use NetworkTable directly
  C:\Users\pcibam\Downloads\allwpilib-master\allwpilib-master\ntcore\src\main\native\include\tables/ITable.h(117): note: see declaration of 'ITable::GetFlags'
C:\Users\pcibam\Downloads\allwpilib-master\allwpilib-master\ntcore\src\main\native\include\networktables/NetworkTable.h(478): warning C4996: 'ITable::Delete': Use NetworkTable directly
  C:\Users\pcibam\Downloads\allwpilib-master\allwpilib-master\ntcore\src\main\native\include\tables/ITable.h(124): note: see declaration of 'ITable::Delete'
C:\Users\pcibam\Downloads\allwpilib-master\allwpilib-master\ntcore\src\main\native\include\networktables/NetworkTable.h(487): warning C4996: 'ITable::PutNumber': Use NetworkTable directly
  C:\Users\pcibam\Downloads\allwpilib-master\allwpilib-master\ntcore\src\main\native\include\tables/ITable.h(161): note: see declaration of 'ITable::PutNumber'
C:\Users\pcibam\Downloads\allwpilib-master\allwpilib-master\ntcore\src\main\native\include\networktables/NetworkTable.h(496): warning C4996: 'ITable::SetDefaultNumber': Use NetworkTable directly
  C:\Users\pcibam\Downloads\allwpilib-master\allwpilib-master\ntcore\src\main\native\include\tables/ITable.h(169): note: see declaration of 'ITable::SetDefaultNumber'
C:\Users\pcibam\Downloads\allwpilib-master\allwpilib-master\ntcore\src\main\native\include\networktables/NetworkTable.h(506): warning C4996: 'ITable::GetNumber': Use NetworkTable directly
  C:\Users\pcibam\Downloads\allwpilib-master\allwpilib-master\ntcore\src\main\native\include\tables/ITable.h(179): note: see declaration of 'ITable::GetNumber'
C:\Users\pcibam\Downloads\allwpilib-master\allwpilib-master\ntcore\src\main\native\include\networktables/NetworkTable.h(515): warning C4996: 'ITable::PutString': Use NetworkTable directly
  C:\Users\pcibam\Downloads\allwpilib-master\allwpilib-master\ntcore\src\main\native\include\tables/ITable.h(188): note: see declaration of 'ITable::PutString'
C:\Users\pcibam\Downloads\allwpilib-master\allwpilib-master\ntcore\src\main\native\include\networktables/NetworkTable.h(524): warning C4996: 'ITable::SetDefaultString': Use NetworkTable directly
  C:\Users\pcibam\Downloads\allwpilib-master\allwpilib-master\ntcore\src\main\native\include\tables/ITable.h(196): note: see declaration of 'ITable::SetDefaultString'
C:\Users\pcibam\Downloads\allwpilib-master\allwpilib-master\ntcore\src\main\native\include\networktables/NetworkTable.h(535): warning C4996: 'ITable::GetString': Use NetworkTable directly
  C:\Users\pcibam\Downloads\allwpilib-master\allwpilib-master\ntcore\src\main\native\include\tables/ITable.h(211): note: see declaration of 'ITable::GetString'
C:\Users\pcibam\Downloads\allwpilib-master\allwpilib-master\ntcore\src\main\native\include\networktables/NetworkTable.h(544): warning C4996: 'ITable::PutBoolean': Use NetworkTable directly
  C:\Users\pcibam\Downloads\allwpilib-master\allwpilib-master\ntcore\src\main\native\include\tables/ITable.h(221): note: see declaration of 'ITable::PutBoolean'
C:\Users\pcibam\Downloads\allwpilib-master\allwpilib-master\ntcore\src\main\native\include\networktables/NetworkTable.h(553): warning C4996: 'ITable::SetDefaultBoolean': Use NetworkTable directly
  C:\Users\pcibam\Downloads\allwpilib-master\allwpilib-master\ntcore\src\main\native\include\tables/ITable.h(229): note: see declaration of 'ITable::SetDefaultBoolean'
C:\Users\pcibam\Downloads\allwpilib-master\allwpilib-master\ntcore\src\main\native\include\networktables/NetworkTable.h(564): warning C4996: 'ITable::GetBoolean': Use NetworkTable directly
  C:\Users\pcibam\Downloads\allwpilib-master\allwpilib-master\ntcore\src\main\native\include\tables/ITable.h(240): note: see declaration of 'ITable::GetBoolean'
C:\Users\pcibam\Downloads\allwpilib-master\allwpilib-master\ntcore\src\main\native\include\networktables/NetworkTable.h(577): warning C4996: 'ITable::PutBooleanArray': Use NetworkTable directly
  C:\Users\pcibam\Downloads\allwpilib-master\allwpilib-master\ntcore\src\main\native\include\tables/ITable.h(252): note: see declaration of 'ITable::PutBooleanArray'
C:\Users\pcibam\Downloads\allwpilib-master\allwpilib-master\ntcore\src\main\native\include\networktables/NetworkTable.h(586): warning C4996: 'ITable::SetDefaultBooleanArray': Use NetworkTable directly
  C:\Users\pcibam\Downloads\allwpilib-master\allwpilib-master\ntcore\src\main\native\include\tables/ITable.h(261): note: see declaration of 'ITable::SetDefaultBooleanArray'
C:\Users\pcibam\Downloads\allwpilib-master\allwpilib-master\ntcore\src\main\native\include\networktables/NetworkTable.h(605): warning C4996: 'ITable::GetBooleanArray': Use NetworkTable directly
  C:\Users\pcibam\Downloads\allwpilib-master\allwpilib-master\ntcore\src\main\native\include\tables/ITable.h(279): note: see declaration of 'ITable::GetBooleanArray'
C:\Users\pcibam\Downloads\allwpilib-master\allwpilib-master\ntcore\src\main\native\include\networktables/NetworkTable.h(615): warning C4996: 'ITable::PutNumberArray': Use NetworkTable directly
  C:\Users\pcibam\Downloads\allwpilib-master\allwpilib-master\ntcore\src\main\native\include\tables/ITable.h(288): note: see declaration of 'ITable::PutNumberArray'
C:\Users\pcibam\Downloads\allwpilib-master\allwpilib-master\ntcore\src\main\native\include\networktables/NetworkTable.h(624): warning C4996: 'ITable::SetDefaultNumberArray': Use NetworkTable directly
  C:\Users\pcibam\Downloads\allwpilib-master\allwpilib-master\ntcore\src\main\native\include\tables/ITable.h(297): note: see declaration of 'ITable::SetDefaultNumberArray'
C:\Users\pcibam\Downloads\allwpilib-master\allwpilib-master\ntcore\src\main\native\include\networktables/NetworkTable.h(639): warning C4996: 'ITable::GetNumberArray': Use NetworkTable directly
  C:\Users\pcibam\Downloads\allwpilib-master\allwpilib-master\ntcore\src\main\native\include\tables/ITable.h(311): note: see declaration of 'ITable::GetNumberArray'
C:\Users\pcibam\Downloads\allwpilib-master\allwpilib-master\ntcore\src\main\native\include\networktables/NetworkTable.h(649): warning C4996: 'ITable::PutStringArray': Use NetworkTable directly
  C:\Users\pcibam\Downloads\allwpilib-master\allwpilib-master\ntcore\src\main\native\include\tables/ITable.h(320): note: see declaration of 'ITable::PutStringArray'
C:\Users\pcibam\Downloads\allwpilib-master\allwpilib-master\ntcore\src\main\native\include\networktables/NetworkTable.h(658): warning C4996: 'ITable::SetDefaultStringArray': Use NetworkTable directly
  C:\Users\pcibam\Downloads\allwpilib-master\allwpilib-master\ntcore\src\main\native\include\tables/ITable.h(329): note: see declaration of 'ITable::SetDefaultStringArray'
C:\Users\pcibam\Downloads\allwpilib-master\allwpilib-master\ntcore\src\main\native\include\networktables/NetworkTable.h(673): warning C4996: 'ITable::GetStringArray': Use NetworkTable directly
  C:\Users\pcibam\Downloads\allwpilib-master\allwpilib-master\ntcore\src\main\native\include\tables/ITable.h(343): note: see declaration of 'ITable::GetStringArray'
C:\Users\pcibam\Downloads\allwpilib-master\allwpilib-master\ntcore\src\main\native\include\networktables/NetworkTable.h(683): warning C4996: 'ITable::PutRaw': Use NetworkTable directly
  C:\Users\pcibam\Downloads\allwpilib-master\allwpilib-master\ntcore\src\main\native\include\tables/ITable.h(352): note: see declaration of 'ITable::PutRaw'
C:\Users\pcibam\Downloads\allwpilib-master\allwpilib-master\ntcore\src\main\native\include\networktables/NetworkTable.h(692): warning C4996: 'ITable::SetDefaultRaw': Use NetworkTable directly
  C:\Users\pcibam\Downloads\allwpilib-master\allwpilib-master\ntcore\src\main\native\include\tables/ITable.h(360): note: see declaration of 'ITable::SetDefaultRaw'
C:\Users\pcibam\Downloads\allwpilib-master\allwpilib-master\ntcore\src\main\native\include\networktables/NetworkTable.h(706): warning C4996: 'ITable::GetRaw': Use NetworkTable directly
  C:\Users\pcibam\Downloads\allwpilib-master\allwpilib-master\ntcore\src\main\native\include\tables/ITable.h(374): note: see declaration of 'ITable::GetRaw'
C:\Users\pcibam\Downloads\allwpilib-master\allwpilib-master\ntcore\src\main\native\include\networktables/NetworkTable.h(715): warning C4996: 'ITable::PutValue': Use NetworkTable directly
  C:\Users\pcibam\Downloads\allwpilib-master\allwpilib-master\ntcore\src\main\native\include\tables/ITable.h(151): note: see declaration of 'ITable::PutValue'
C:\Users\pcibam\Downloads\allwpilib-master\allwpilib-master\ntcore\src\main\native\include\networktables/NetworkTable.h(724): warning C4996: 'ITable::SetDefaultValue': Use NetworkTable directly
  C:\Users\pcibam\Downloads\allwpilib-master\allwpilib-master\ntcore\src\main\native\include\tables/ITable.h(141): note: see declaration of 'ITable::SetDefaultValue'
C:\Users\pcibam\Downloads\allwpilib-master\allwpilib-master\ntcore\src\main\native\include\networktables/NetworkTable.h(734): warning C4996: 'ITable::GetValue': Use NetworkTable directly
  C:\Users\pcibam\Downloads\allwpilib-master\allwpilib-master\ntcore\src\main\native\include\tables/ITable.h(133): note: see declaration of 'ITable::GetValue'
C:\Users\pcibam\Downloads\allwpilib-master\allwpilib-master\ntcore\src\main\native\include\networktables/NetworkTable.h(741): warning C4996: 'ITable::GetPath': Use NetworkTable directly
  C:\Users\pcibam\Downloads\allwpilib-master\allwpilib-master\ntcore\src\main\native\include\tables/ITable.h(453): note: see declaration of 'ITable::GetPath'
Eagle_Eye.cpp(61): warning C4244: 'argument': conversion from 'double' to 'float', possible loss of data
Eagle_Eye.cpp(64): warning C4244: 'argument': conversion from 'double' to 'float', possible loss of data
Eagle_Eye.cpp(72): warning C4996: 'nt::NetworkTable::SetClientMode': use NetworkTableInstance::StartClient() instead
  C:\Users\pcibam\Downloads\allwpilib-master\allwpilib-master\ntcore\src\main\native\include\networktables/NetworkTable.h(153): note: see declaration of 'nt::NetworkTable::SetClientMode'
Eagle_Eye.cpp(73): warning C4996: 'nt::NetworkTable::SetIPAddress': use NetworkTableInstance::SetServer() or NetworkTableInstance::StartClient() instead
  C:\Users\pcibam\Downloads\allwpilib-master\allwpilib-master\ntcore\src\main\native\include\networktables/NetworkTable.h(181): note: see declaration of 'nt::NetworkTable::SetIPAddress'
Eagle_Eye.cpp(74): warning C4996: 'nt::NetworkTable::Initialize': use NetworkTableInstance::StartServer() or NetworkTableInstance::StartClient() instead
  C:\Users\pcibam\Downloads\allwpilib-master\allwpilib-master\ntcore\src\main\native\include\networktables/NetworkTable.h(138): note: see declaration of 'nt::NetworkTable::Initialize'
Eagle_Eye.cpp(75): warning C4996: 'nt::NetworkTable::GetTable': use NetworkTableInstance::GetTable() or NetworkTableInstance::GetEntry() instead
  C:\Users\pcibam\Downloads\allwpilib-master\allwpilib-master\ntcore\src\main\native\include\networktables/NetworkTable.h(292): note: see declaration of 'nt::NetworkTable::GetTable'
  Generating code
  9 of 615 functions ( 1.5%) were compiled, the rest were copied from previous compilation.
    0 functions were new in current compilation
    0 functions had inline decision re-evaluated but remain unchanged
  Finished generating code
  Eagle_Eye.vcxproj -> c:\users\pcibam\documents\visual studio 2015\Projects\Eagle_Eye\x64\Release\Eagle_Eye.exe
  Eagle_Eye.vcxproj -> c:\users\pcibam\documents\visual studio 2015\Projects\Eagle_Eye\x64\Release\Eagle_Eye.pdb (Full PDB)
